================================================================================
JCL 2.7 Testing Build 5676
==========RAD Studio 10 64 bit==================================================
Installed personalities :
32 bit Delphi
64 bit Delphi
32 bit Delphi for OSX
================================================================================
Multiple profile installation
Single profile installation
================================================================================
Saving conditional defines...
Loaded template for include file C:\Users\srkgn\Dropbox\projeler\metro\component\jedi\jcl\source\include\jcl.template.inc
Saved include file C:\Users\srkgn\Dropbox\projeler\metro\component\jedi\jcl\source\include\jcld23win64.inc
Building source\common library units for RAD Studio 10 64 bit...
"C:\Program Files (x86)\Embarcadero\Studio\17.0\bin\dcc64.exe" bzip2 Jcl8087 JclAbstractContainers JclAlgorithms JclAnsiStrings JclArrayLists JclArraySets JclBase JclBinaryTrees JclCharsets JclCompilerUtils JclComplex JclCompression JclContainerIntf JclCounter JclDateTime JclDevToolsResources JclExprEval JclFileUtils JclHashMaps JclHashSets JclIDEUtils JclIniFiles JclLinkedLists JclLogic JclMath JclMIDI JclMime JclNotify JclPCRE JclPreProcessorAlgorithmsTemplates JclPreProcessorArrayListsTemplates JclPreProcessorArraySetsTemplates JclPreProcessorBinaryTreesTemplates JclPreProcessorContainer1DTemplates JclPreProcessorContainer2DTemplates JclPreProcessorContainerIntfTemplates JclPreProcessorContainerKnownMaps JclPreProcessorContainerKnownTypes JclPreProcessorContainerTemplates JclPreProcessorContainerTypes JclPreProcessorExcDlgTemplates JclPreProcessorHashMapsTemplates JclPreProcessorHashSetsTemplates JclPreProcessorLexer JclPreProcessorLinkedListsTemplates JclPreProcessorParser JclPreProcessorQueuesTemplates JclPreProcessorSortedMapsTemplates JclPreProcessorStacksTemplates JclPreProcessorTemplates JclPreProcessorTreesTemplates JclPreProcessorVectorsTemplates JclQueues JclResources JclRTTI JclSchedule JclSimpleXml JclSortedMaps JclStacks JclStatistics JclStreams JclStrHashMap JclStringConversions JclStringLists JclStrings JclSynch JclSysInfo JclSysUtils JclTrees JclUnicode JclUnitConv JclUnitVersioning JclUnitVersioningProviders JclUsesUtils JclValidation JclVectors JclWideStrings pcre zlibh --no-config -U"C:\Program Files (x86)\Embarcadero\Studio\17.0\lib\Win64\release" -M -$X+ -$G+ -$H+ -$P+ -$U- -$T- -$V+ -$J+ -$Z1 -$L+ -$Y+ -$J+ -$C- -$D- -$I- -$O+ -$Q- -$R- -$W- -N0"C:\Users\srkgn\Dropbox\projeler\metro\component\jedi\jcl\lib\d23\win64" -ns"System;System.Win;WinAPI;Vcl;Vcl.Imaging" -I"C:\Users\srkgn\Dropbox\projeler\metro\component\jedi\jcl\source\include" -U"C:\Users\srkgn\Dropbox\projeler\metro\component\jedi\jcl\source\common;C:\Users\srkgn\Dropbox\projeler\metro\component\jedi\jcl\source\windows;C:\Users\srkgn\Dropbox\projeler\metro\component\jedi\jcl\source\vcl" -R"C:\Users\srkgn\Dropbox\projeler\metro\component\jedi\jcl\source\common;C:\Users\srkgn\Dropbox\projeler\metro\component\jedi\jcl\source\windows;C:\Users\srkgn\Dropbox\projeler\metro\component\jedi\jcl\source\vcl"
Embarcadero Delphi for Win64 compiler version 30.0
Copyright (c) 1983,2015 Embarcadero Technologies, Inc.
616750 lines, 9.16 seconds, 97700 bytes code, 458972 bytes data.
Building source\windows library units for RAD Studio 10 64 bit...
"C:\Program Files (x86)\Embarcadero\Studio\17.0\bin\dcc64.exe" Hardlinks JclAppInst JclCIL JclCLR JclCOM JclConsole JclCppException JclDebug JclDebugSerialization JclDebugXMLDeserializer JclDebugXMLSerializer JclDotNet JclHelpUtils JclHookExcept JclLANMan JclLocales JclMapi JclMetadata JclMiscel JclMsBuild JclMsdosSys JclMultimedia JclNTFS JclPeImage JclRegistry JclSecurity JclShell JclStructStorage JclSvcCtrl JclTask JclTD32 JclTimeZones JclWin32 JclWin32Ex JclWinMIDI mscoree_TLB mscorlib_TLB MSHelpServices_TLB MSTask sevenzip Snmp --no-config -U"C:\Program Files (x86)\Embarcadero\Studio\17.0\lib\Win64\release" -M -$X+ -$G+ -$H+ -$P+ -$U- -$T- -$V+ -$J+ -$Z1 -$L+ -$Y+ -$J+ -$C- -$D- -$I- -$O+ -$Q- -$R- -$W- -N0"C:\Users\srkgn\Dropbox\projeler\metro\component\jedi\jcl\lib\d23\win64" -ns"System;System.Win;WinAPI;Vcl;Vcl.Imaging" -I"C:\Users\srkgn\Dropbox\projeler\metro\component\jedi\jcl\source\include" -U"C:\Users\srkgn\Dropbox\projeler\metro\component\jedi\jcl\source\common;C:\Users\srkgn\Dropbox\projeler\metro\component\jedi\jcl\source\windows;C:\Users\srkgn\Dropbox\projeler\metro\component\jedi\jcl\source\vcl" -R"C:\Users\srkgn\Dropbox\projeler\metro\component\jedi\jcl\source\common;C:\Users\srkgn\Dropbox\projeler\metro\component\jedi\jcl\source\windows;C:\Users\srkgn\Dropbox\projeler\metro\component\jedi\jcl\source\vcl"
Embarcadero Delphi for Win64 compiler version 30.0
Copyright (c) 1983,2015 Embarcadero Technologies, Inc.
202024 lines, 2.61 seconds, 4855 bytes code, 9036 bytes data.
Building source\vcl library units for RAD Studio 10 64 bit...
"C:\Program Files (x86)\Embarcadero\Studio\17.0\bin\dcc64.exe" JclFont JclGraphics JclGraphUtils JclOpenDialogFavorites JclOpenDialogHooks JclPrint JclVclResources JclVersionControl JclVersionCtrlCVSImpl JclVersionCtrlGITImpl JclVersionCtrlSVNImpl --no-config -U"C:\Program Files (x86)\Embarcadero\Studio\17.0\lib\Win64\release" -M -$X+ -$G+ -$H+ -$P+ -$U- -$T- -$V+ -$J+ -$Z1 -$L+ -$Y+ -$J+ -$C- -$D- -$I- -$O+ -$Q- -$R- -$W- -N0"C:\Users\srkgn\Dropbox\projeler\metro\component\jedi\jcl\lib\d23\win64" -ns"System;System.Win;WinAPI;Vcl;Vcl.Imaging" -I"C:\Users\srkgn\Dropbox\projeler\metro\component\jedi\jcl\source\include" -U"C:\Users\srkgn\Dropbox\projeler\metro\component\jedi\jcl\source\common;C:\Users\srkgn\Dropbox\projeler\metro\component\jedi\jcl\source\windows;C:\Users\srkgn\Dropbox\projeler\metro\component\jedi\jcl\source\vcl" -R"C:\Users\srkgn\Dropbox\projeler\metro\component\jedi\jcl\source\common;C:\Users\srkgn\Dropbox\projeler\metro\component\jedi\jcl\source\windows;C:\Users\srkgn\Dropbox\projeler\metro\component\jedi\jcl\source\vcl"
Embarcadero Delphi for Win64 compiler version 30.0
Copyright (c) 1983,2015 Embarcadero Technologies, Inc.
41135 lines, 0.97 seconds, 12055 bytes code, 1884 bytes data.
Building source\common library debug units for RAD Studio 10 64 bit...
"C:\Program Files (x86)\Embarcadero\Studio\17.0\bin\dcc64.exe" bzip2 Jcl8087 JclAbstractContainers JclAlgorithms JclAnsiStrings JclArrayLists JclArraySets JclBase JclBinaryTrees JclCharsets JclCompilerUtils JclComplex JclCompression JclContainerIntf JclCounter JclDateTime JclDevToolsResources JclExprEval JclFileUtils JclHashMaps JclHashSets JclIDEUtils JclIniFiles JclLinkedLists JclLogic JclMath JclMIDI JclMime JclNotify JclPCRE JclPreProcessorAlgorithmsTemplates JclPreProcessorArrayListsTemplates JclPreProcessorArraySetsTemplates JclPreProcessorBinaryTreesTemplates JclPreProcessorContainer1DTemplates JclPreProcessorContainer2DTemplates JclPreProcessorContainerIntfTemplates JclPreProcessorContainerKnownMaps JclPreProcessorContainerKnownTypes JclPreProcessorContainerTemplates JclPreProcessorContainerTypes JclPreProcessorExcDlgTemplates JclPreProcessorHashMapsTemplates JclPreProcessorHashSetsTemplates JclPreProcessorLexer JclPreProcessorLinkedListsTemplates JclPreProcessorParser JclPreProcessorQueuesTemplates JclPreProcessorSortedMapsTemplates JclPreProcessorStacksTemplates JclPreProcessorTemplates JclPreProcessorTreesTemplates JclPreProcessorVectorsTemplates JclQueues JclResources JclRTTI JclSchedule JclSimpleXml JclSortedMaps JclStacks JclStatistics JclStreams JclStrHashMap JclStringConversions JclStringLists JclStrings JclSynch JclSysInfo JclSysUtils JclTrees JclUnicode JclUnitConv JclUnitVersioning JclUnitVersioningProviders JclUsesUtils JclValidation JclVectors JclWideStrings pcre zlibh --no-config -U"C:\Program Files (x86)\Embarcadero\Studio\17.0\lib\Win64\debug" -U"C:\Program Files (x86)\Embarcadero\Studio\17.0\lib\Win64\release" -M -$X+ -$G+ -$H+ -$P+ -$U- -$T- -$V+ -$J+ -$Z1 -$L+ -$Y+ -$J+ -$C+ -$D+ -$I+ -$O- -$Q+ -$R+ -$W+ -N0"C:\Users\srkgn\Dropbox\projeler\metro\component\jedi\jcl\lib\d23\win64\debug" -ns"System;System.Win;WinAPI;Vcl;Vcl.Imaging" -I"C:\Users\srkgn\Dropbox\projeler\metro\component\jedi\jcl\source\include" -U"C:\Users\srkgn\Dropbox\projeler\metro\component\jedi\jcl\source\common;C:\Users\srkgn\Dropbox\projeler\metro\component\jedi\jcl\source\windows;C:\Users\srkgn\Dropbox\projeler\metro\component\jedi\jcl\source\vcl" -R"C:\Users\srkgn\Dropbox\projeler\metro\component\jedi\jcl\source\common;C:\Users\srkgn\Dropbox\projeler\metro\component\jedi\jcl\source\windows;C:\Users\srkgn\Dropbox\projeler\metro\component\jedi\jcl\source\vcl"
Embarcadero Delphi for Win64 compiler version 30.0
Copyright (c) 1983,2015 Embarcadero Technologies, Inc.
616750 lines, 9.77 seconds, 98040 bytes code, 458972 bytes data.
Building source\windows library debug units for RAD Studio 10 64 bit...
"C:\Program Files (x86)\Embarcadero\Studio\17.0\bin\dcc64.exe" Hardlinks JclAppInst JclCIL JclCLR JclCOM JclConsole JclCppException JclDebug JclDebugSerialization JclDebugXMLDeserializer JclDebugXMLSerializer JclDotNet JclHelpUtils JclHookExcept JclLANMan JclLocales JclMapi JclMetadata JclMiscel JclMsBuild JclMsdosSys JclMultimedia JclNTFS JclPeImage JclRegistry JclSecurity JclShell JclStructStorage JclSvcCtrl JclTask JclTD32 JclTimeZones JclWin32 JclWin32Ex JclWinMIDI mscoree_TLB mscorlib_TLB MSHelpServices_TLB MSTask sevenzip Snmp --no-config -U"C:\Program Files (x86)\Embarcadero\Studio\17.0\lib\Win64\debug" -U"C:\Program Files (x86)\Embarcadero\Studio\17.0\lib\Win64\release" -M -$X+ -$G+ -$H+ -$P+ -$U- -$T- -$V+ -$J+ -$Z1 -$L+ -$Y+ -$J+ -$C+ -$D+ -$I+ -$O- -$Q+ -$R+ -$W+ -N0"C:\Users\srkgn\Dropbox\projeler\metro\component\jedi\jcl\lib\d23\win64\debug" -ns"System;System.Win;WinAPI;Vcl;Vcl.Imaging" -I"C:\Users\srkgn\Dropbox\projeler\metro\component\jedi\jcl\source\include" -U"C:\Users\srkgn\Dropbox\projeler\metro\component\jedi\jcl\source\common;C:\Users\srkgn\Dropbox\projeler\metro\component\jedi\jcl\source\windows;C:\Users\srkgn\Dropbox\projeler\metro\component\jedi\jcl\source\vcl" -R"C:\Users\srkgn\Dropbox\projeler\metro\component\jedi\jcl\source\common;C:\Users\srkgn\Dropbox\projeler\metro\component\jedi\jcl\source\windows;C:\Users\srkgn\Dropbox\projeler\metro\component\jedi\jcl\source\vcl"
Embarcadero Delphi for Win64 compiler version 30.0
Copyright (c) 1983,2015 Embarcadero Technologies, Inc.
202024 lines, 2.39 seconds, 5013 bytes code, 9036 bytes data.
Building source\vcl library debug units for RAD Studio 10 64 bit...
"C:\Program Files (x86)\Embarcadero\Studio\17.0\bin\dcc64.exe" JclFont JclGraphics JclGraphUtils JclOpenDialogFavorites JclOpenDialogHooks JclPrint JclVclResources JclVersionControl JclVersionCtrlCVSImpl JclVersionCtrlGITImpl JclVersionCtrlSVNImpl --no-config -U"C:\Program Files (x86)\Embarcadero\Studio\17.0\lib\Win64\debug" -U"C:\Program Files (x86)\Embarcadero\Studio\17.0\lib\Win64\release" -M -$X+ -$G+ -$H+ -$P+ -$U- -$T- -$V+ -$J+ -$Z1 -$L+ -$Y+ -$J+ -$C+ -$D+ -$I+ -$O- -$Q+ -$R+ -$W+ -N0"C:\Users\srkgn\Dropbox\projeler\metro\component\jedi\jcl\lib\d23\win64\debug" -ns"System;System.Win;WinAPI;Vcl;Vcl.Imaging" -I"C:\Users\srkgn\Dropbox\projeler\metro\component\jedi\jcl\source\include" -U"C:\Users\srkgn\Dropbox\projeler\metro\component\jedi\jcl\source\common;C:\Users\srkgn\Dropbox\projeler\metro\component\jedi\jcl\source\windows;C:\Users\srkgn\Dropbox\projeler\metro\component\jedi\jcl\source\vcl" -R"C:\Users\srkgn\Dropbox\projeler\metro\component\jedi\jcl\source\common;C:\Users\srkgn\Dropbox\projeler\metro\component\jedi\jcl\source\windows;C:\Users\srkgn\Dropbox\projeler\metro\component\jedi\jcl\source\vcl"
Embarcadero Delphi for Win64 compiler version 30.0
Copyright (c) 1983,2015 Embarcadero Technologies, Inc.
41135 lines, 0.92 seconds, 12683 bytes code, 1868 bytes data.
Building C:\Users\srkgn\Dropbox\projeler\metro\component\jedi\jcl\packages\d23\Jcl.dpk...
Cleaning package cache for Jcl230.bpl
Cleaning ok
Compiling package C:\Users\srkgn\Dropbox\projeler\metro\component\jedi\jcl\packages\d23\Jcl.dpk
"C:\Program Files (x86)\Embarcadero\Studio\17.0\bin\dcc64.exe" "C:\Users\srkgn\Dropbox\projeler\metro\component\jedi\jcl\packages\d23\Jcl.dpk" --no-config -U"C:\Program Files (x86)\Embarcadero\Studio\17.0\lib\Win64\release" -NU"..\..\lib\d23\win64" -I"..\..\lib\d23\win64;..\..\source\include;" -R"..\..\lib\d23\win64;..\..\source\include;" -DBCB;BCB;WIN32;CONDITIONALEXPRESSIONS;VER300;RELEASE;BCB;WIN32;CONDITIONALEXPRESSIONS;VER300;RELEASE -U"C:\Users\srkgn\Dropbox\projeler\metro\component\jedi\jcl\lib\d23\win64\;C:\Users\Public\Documents\Embarcadero\Studio\17.0\Dcp\Win64;..\..\lib\d23\win64;..\..\source\include;" -LU"rtl;" -ns"System;System.Win;WinApi;Vcl;Vcl.Imaging;" -LN"C:\Users\srkgn\Dropbox\projeler\metro\component\jedi\jcl\lib\d23\win64" -LE"C:\Users\Public\Documents\Embarcadero\Studio\17.0\Bpl\Win64"
Embarcadero Delphi for Win64 compiler version 30.0
Copyright (c) 1983,2015 Embarcadero Technologies, Inc.
129 lines, 0.42 seconds, 2771240 bytes code, 910844 bytes data.
Compilation success
...done.
Building C:\Users\srkgn\Dropbox\projeler\metro\component\jedi\jcl\packages\d23\JclContainers.dpk...
Cleaning package cache for JclContainers230.bpl
Cleaning ok
Compiling package C:\Users\srkgn\Dropbox\projeler\metro\component\jedi\jcl\packages\d23\JclContainers.dpk
"C:\Program Files (x86)\Embarcadero\Studio\17.0\bin\dcc64.exe" "C:\Users\srkgn\Dropbox\projeler\metro\component\jedi\jcl\packages\d23\JclContainers.dpk" --no-config -U"C:\Program Files (x86)\Embarcadero\Studio\17.0\lib\Win64\release" -NU"..\..\lib\d23\win64" -I"..\..\lib\d23\win64;..\..\source\include;" -R"..\..\lib\d23\win64;..\..\source\include;" -DBCB;BCB;WIN32;CONDITIONALEXPRESSIONS;VER300;RELEASE;BCB;WIN32;CONDITIONALEXPRESSIONS;VER300;RELEASE -U"C:\Users\srkgn\Dropbox\projeler\metro\component\jedi\jcl\lib\d23\win64\;C:\Users\Public\Documents\Embarcadero\Studio\17.0\Dcp\Win64;..\..\lib\d23\win64;..\..\source\include;" -LU"rtl;Jcl;" -ns"System;System.Win;WinApi;Vcl;Vcl.Imaging;" -LN"C:\Users\srkgn\Dropbox\projeler\metro\component\jedi\jcl\lib\d23\win64" -LE"C:\Users\Public\Documents\Embarcadero\Studio\17.0\Bpl\Win64"
Embarcadero Delphi for Win64 compiler version 30.0
Copyright (c) 1983,2015 Embarcadero Technologies, Inc.
70 lines, 0.33 seconds, 3243512 bytes code, 269616 bytes data.
Compilation success
...done.
Building C:\Users\srkgn\Dropbox\projeler\metro\component\jedi\jcl\packages\d23\JclDeveloperTools.dpk...
Cleaning package cache for JclDeveloperTools230.bpl
Cleaning ok
Compiling package C:\Users\srkgn\Dropbox\projeler\metro\component\jedi\jcl\packages\d23\JclDeveloperTools.dpk
"C:\Program Files (x86)\Embarcadero\Studio\17.0\bin\dcc64.exe" "C:\Users\srkgn\Dropbox\projeler\metro\component\jedi\jcl\packages\d23\JclDeveloperTools.dpk" --no-config -U"C:\Program Files (x86)\Embarcadero\Studio\17.0\lib\Win64\release" -NU"..\..\lib\d23\win64" -I"..\..\lib\d23\win64;..\..\source\include;" -R"..\..\lib\d23\win64;..\..\source\include;" -DBCB;BCB;WIN32;CONDITIONALEXPRESSIONS;VER300;RELEASE;BCB;WIN32;CONDITIONALEXPRESSIONS;VER300;RELEASE -U"C:\Users\srkgn\Dropbox\projeler\metro\component\jedi\jcl\lib\d23\win64\;C:\Users\Public\Documents\Embarcadero\Studio\17.0\Dcp\Win64;..\..\lib\d23\win64;..\..\source\include;" -LU"rtl;Jcl;JclContainers;" -ns"System;System.Win;WinApi;Vcl;Vcl.Imaging;" -LN"C:\Users\srkgn\Dropbox\projeler\metro\component\jedi\jcl\lib\d23\win64" -LE"C:\Users\Public\Documents\Embarcadero\Studio\17.0\Bpl\Win64"
Embarcadero Delphi for Win64 compiler version 30.0
Copyright (c) 1983,2015 Embarcadero Technologies, Inc.
87 lines, 0.23 seconds, 692072 bytes code, 58172 bytes data.
Compilation success
...done.
Building C:\Users\srkgn\Dropbox\projeler\metro\component\jedi\jcl\packages\d23\JclVcl.dpk...
Cleaning package cache for JclVcl230.bpl
Cleaning ok
Compiling package C:\Users\srkgn\Dropbox\projeler\metro\component\jedi\jcl\packages\d23\JclVcl.dpk
"C:\Program Files (x86)\Embarcadero\Studio\17.0\bin\dcc64.exe" "C:\Users\srkgn\Dropbox\projeler\metro\component\jedi\jcl\packages\d23\JclVcl.dpk" --no-config -U"C:\Program Files (x86)\Embarcadero\Studio\17.0\lib\Win64\release" -NU"..\..\lib\d23\win64" -I"..\..\lib\d23\win64;..\..\source\include;" -R"..\..\lib\d23\win64;..\..\source\include;" -DBCB;BCB;WIN32;CONDITIONALEXPRESSIONS;VER300;RELEASE;BCB;WIN32;CONDITIONALEXPRESSIONS;VER300;RELEASE -U"C:\Users\srkgn\Dropbox\projeler\metro\component\jedi\jcl\lib\d23\win64\;C:\Users\Public\Documents\Embarcadero\Studio\17.0\Dcp\Win64;..\..\lib\d23\win64;..\..\source\include;" -LU"rtl;vcl;vclimg;Jcl;" -ns"System;System.Win;WinApi;Vcl;Vcl.Imaging;" -LN"C:\Users\srkgn\Dropbox\projeler\metro\component\jedi\jcl\lib\d23\win64" -LE"C:\Users\Public\Documents\Embarcadero\Studio\17.0\Bpl\Win64"
Embarcadero Delphi for Win64 compiler version 30.0
Copyright (c) 1983,2015 Embarcadero Technologies, Inc.
68 lines, 0.31 seconds, 216408 bytes code, 18692 bytes data.
Compilation success
...done.
Added "C:\Users\srkgn\Dropbox\projeler\metro\component\jedi\jcl\lib\d23\win64;C:\Users\srkgn\Dropbox\projeler\metro\component\jedi\jcl\source\include" to library search path.
Added "C:\Users\srkgn\Dropbox\projeler\metro\component\jedi\jcl\source\common;C:\Users\srkgn\Dropbox\projeler\metro\component\jedi\jcl\source\windows;C:\Users\srkgn\Dropbox\projeler\metro\component\jedi\jcl\source\vcl" to library browsing path.
Added "C:\Users\srkgn\Dropbox\projeler\metro\component\jedi\jcl\lib\d23\win64\debug" to Debug DCU Path.
